#
# There is insufficient memory for the Java Runtime Environment to continue.
# Native memory allocation (mmap) failed to map 134217728 bytes for Failed to commit area from 0x0000000081e00000 to 0x0000000089e00000 of length 134217728.
# Possible reasons:
#   The system is out of physical RAM or swap space
#   The process is running with CompressedOops enabled, and the Java Heap may be blocking the growth of the native heap
# Possible solutions:
#   Reduce memory load on the system
#   Increase physical memory or swap space
#   Check if swap backing store is full
#   Decrease Java heap size (-Xmx/-Xms)
#   Decrease number of Java threads
#   Decrease Java thread stack sizes (-Xss)
#   Set larger code cache with -XX:ReservedCodeCacheSize=
#   JVM is running with Unscaled Compressed Oops mode in which the Java heap is
#     placed in the first 4GB address space. The Java Heap base address is the
#     maximum limit for the native heap growth. Please use -XX:HeapBaseMinAddress
#     to set the Java Heap base and to place the Java Heap above 4GB virtual address.
# This output file may be truncated or incomplete.
#
#  Out of Memory Error (./open/src/hotspot/os/windows/os_windows.cpp:3315), pid=9516, tid=15208
#
# JRE version:  (14.0.2+12) (build )
# Java VM: Java HotSpot(TM) 64-Bit Server VM (14.0.2+12-46, mixed mode, sharing, tiered, compressed oops, g1 gc, windows-amd64)
# No core dump will be written. Minidumps are not enabled by default on client versions of Windows
#

---------------  S U M M A R Y ------------

Command Line: -Dfile.encoding=Cp1252 freelancePanda.Main

Host: Intel(R) Core(TM) i5-8265U CPU @ 1.60GHz, 8 cores, 7G,  Windows 10 , 64 bit Build 18362 (10.0.18362.86)
Time: Sat Jul 31 14:25:14 2021 Pakistan Standard Time elapsed time: 0 seconds (0d 0h 0m 0s)

---------------  T H R E A D  ---------------

Current thread (0x0000020b5262b000):  JavaThread "Unknown thread" [_thread_in_vm, id=15208, stack(0x000000cea2d00000,0x000000cea2e00000)]

Stack: [0x000000cea2d00000,0x000000cea2e00000]
Native frames: (J=compiled Java code, j=interpreted, Vv=VM code, C=native code)
V  [jvm.dll+0x5f8a9a]
V  [jvm.dll+0x74247a]
V  [jvm.dll+0x743c2f]
V  [jvm.dll+0x744273]
V  [jvm.dll+0x20d288]
V  [jvm.dll+0x5f5dea]
V  [jvm.dll+0x5eac45]
V  [jvm.dll+0x2c7e9c]
V  [jvm.dll+0x2c7cd2]
V  [jvm.dll+0x2cdbbc]
V  [jvm.dll+0x313fe8]
V  [jvm.dll+0x313710]
V  [jvm.dll+0x2a092a]
V  [jvm.dll+0x2a1a79]
V  [jvm.dll+0x71fd48]
V  [jvm.dll+0x321c14]
V  [jvm.dll+0x70112c]
V  [jvm.dll+0x392def]
V  [jvm.dll+0x394e61]
C  [jli.dll+0x524b]
C  [ucrtbase.dll+0x1d912]
C  [KERNEL32.DLL+0x17bd4]
C  [ntdll.dll+0x6ce71]


---------------  P R O C E S S  ---------------

Threads class SMR info:
_java_thread_list=0x00007ffae9c23038, length=0, elements={
}

Java Threads: ( => current thread )

Other Threads:
  0x0000020b5266f800 GCTaskThread "GC Thread#0" [stack: 0x000000cea2e00000,0x000000cea2f00000] [id=14392]
  0x0000020b52682000 ConcurrentGCThread "G1 Main Marker" [stack: 0x000000cea2f00000,0x000000cea3000000] [id=14376]
  0x0000020b52683800 ConcurrentGCThread "G1 Conc#0" [stack: 0x000000cea3000000,0x000000cea3100000] [id=6100]

[error occurred during error reporting (printing all threads), id 0xc0000005, EXCEPTION_ACCESS_VIOLATION (0xc0000005) at pc=0x00007ffae9451257]

VM state:not at safepoint (not fully initialized)

VM Mutex/Monitor currently owned by a thread:  ([mutex/lock_event])
[0x0000020b52627170] Heap_lock - owner thread: 0x0000020b5262b000

Heap address: 0x0000000081e00000, size: 2018 MB, Compressed Oops mode: 32-bit
Narrow klass base: 0x0000000000000000, Narrow klass shift: 0

GC Heap History (0 events):
No events

Deoptimization events (0 events):
No events

Classes unloaded (0 events):
No events

Classes redefined (0 events):
No events

Internal exceptions (0 events):
No events

Events (2 events):
Event: 0.008 Loaded shared library C:\Program Files\Java\jdk-14.0.2\bin\java.dll
Event: 0.008 Loaded shared library C:\Program Files\Java\jdk-14.0.2\bin\zip.dll


Dynamic libraries:
0x00007ff7489b0000 - 0x00007ff7489bf000 	C:\Program Files\Java\jdk-14.0.2\bin\javaw.exe
0x00007ffb55600000 - 0x00007ffb557f0000 	C:\Windows\SYSTEM32\ntdll.dll
0x00007ffb53870000 - 0x00007ffb53922000 	C:\Windows\System32\KERNEL32.DLL
0x00007ffb529f0000 - 0x00007ffb52c93000 	C:\Windows\System32\KERNELBASE.dll
0x00007ffb528f0000 - 0x00007ffb529ea000 	C:\Windows\System32\ucrtbase.dll
0x00007ffb4af00000 - 0x00007ffb4af15000 	C:\Program Files\Java\jdk-14.0.2\bin\VCRUNTIME140.dll
0x00007ffb4af20000 - 0x00007ffb4af38000 	C:\Program Files\Java\jdk-14.0.2\bin\jli.dll
0x00007ffb53930000 - 0x00007ffb539d3000 	C:\Windows\System32\ADVAPI32.dll
0x00007ffb547c0000 - 0x00007ffb5485e000 	C:\Windows\System32\msvcrt.dll
0x00007ffb549f0000 - 0x00007ffb54a87000 	C:\Windows\System32\sechost.dll
0x00007ffb54580000 - 0x00007ffb546a0000 	C:\Windows\System32\RPCRT4.dll
0x00007ffb54b60000 - 0x00007ffb54cf3000 	C:\Windows\System32\USER32.dll
0x00007ffb52890000 - 0x00007ffb528b1000 	C:\Windows\System32\win32u.dll
0x00007ffb34050000 - 0x00007ffb342d5000 	C:\Windows\WinSxS\amd64_microsoft.windows.common-controls_6595b64144ccf1df_6.0.18362.207_none_e6c5ae95130e4267\COMCTL32.dll
0x00007ffb54e30000 - 0x00007ffb54e56000 	C:\Windows\System32\GDI32.dll
0x00007ffb539e0000 - 0x00007ffb53d16000 	C:\Windows\System32\combase.dll
0x00007ffb525f0000 - 0x00007ffb52784000 	C:\Windows\System32\gdi32full.dll
0x00007ffb53630000 - 0x00007ffb536b1000 	C:\Windows\System32\bcryptPrimitives.dll
0x00007ffb53420000 - 0x00007ffb534be000 	C:\Windows\System32\msvcp_win.dll
0x00007ffb48c10000 - 0x00007ffb48c1a000 	C:\Windows\SYSTEM32\VERSION.dll
0x00007ffb549c0000 - 0x00007ffb549ee000 	C:\Windows\System32\IMM32.DLL
0x00007ffb420b0000 - 0x00007ffb4214b000 	C:\Program Files\Java\jdk-14.0.2\bin\msvcp140.dll
0x00007ffae91a0000 - 0x00007ffae9cbe000 	C:\Program Files\Java\jdk-14.0.2\bin\server\jvm.dll
0x00007ffb54e20000 - 0x00007ffb54e28000 	C:\Windows\System32\PSAPI.DLL
0x00007ffb497a0000 - 0x00007ffb497c4000 	C:\Windows\SYSTEM32\WINMM.dll
0x00007ffb4ae70000 - 0x00007ffb4ae79000 	C:\Windows\SYSTEM32\WSOCK32.dll
0x00007ffb55480000 - 0x00007ffb554ef000 	C:\Windows\System32\WS2_32.dll
0x00007ffb49760000 - 0x00007ffb4978d000 	C:\Windows\SYSTEM32\WINMMBASE.dll
0x00007ffb52840000 - 0x00007ffb5288a000 	C:\Windows\System32\cfgmgr32.dll
0x00007ffb524e0000 - 0x00007ffb524f1000 	C:\Windows\System32\kernel.appcore.dll
0x00007ffb41c30000 - 0x00007ffb41c3a000 	C:\Program Files\Java\jdk-14.0.2\bin\jimage.dll
0x00007ffb50e50000 - 0x00007ffb51044000 	C:\Windows\SYSTEM32\DBGHELP.DLL
0x00007ffb385e0000 - 0x00007ffb3860a000 	C:\Windows\SYSTEM32\dbgcore.DLL
0x00007ffb3f660000 - 0x00007ffb3f685000 	C:\Program Files\Java\jdk-14.0.2\bin\java.dll
0x00007ffb3f640000 - 0x00007ffb3f656000 	C:\Program Files\Java\jdk-14.0.2\bin\zip.dll

dbghelp: loaded successfully - version: 4.0.5 - missing functions: none
symbol engine: initialized successfully - sym options: 0x614 - pdb path: .;C:\Program Files\Java\jdk-14.0.2\bin;C:\Windows\SYSTEM32;C:\Windows\WinSxS\amd64_microsoft.windows.common-controls_6595b64144ccf1df_6.0.18362.207_none_e6c5ae95130e4267;C:\Program Files\Java\jdk-14.0.2\bin\server

VM Arguments:
jvm_args: -Dfile.encoding=Cp1252 
java_command: freelancePanda.Main
java_class_path (initial): C:\Users\danyal\eclipse-workspace\SQL;C:\Users\danyal\eclipse-workspace\SQL\miglayout15-swing.jar;C:\Users\danyal\Desktop\mssql-jdbc-8.4.1.jre14.jar
Launcher Type: SUN_STANDARD

[Global flags]
     intx CICompilerCount                          = 4                                         {product} {ergonomic}
     uint ConcGCThreads                            = 2                                         {product} {ergonomic}
     uint G1ConcRefinementThreads                  = 8                                         {product} {ergonomic}
   size_t G1HeapRegionSize                         = 1048576                                   {product} {ergonomic}
    uintx GCDrainStackTargetSize                   = 64                                        {product} {ergonomic}
   size_t InitialHeapSize                          = 134217728                                 {product} {ergonomic}
   size_t MarkStackSize                            = 4194304                                   {product} {ergonomic}
   size_t MaxHeapSize                              = 2116026368                                {product} {ergonomic}
   size_t MinHeapDeltaBytes                        = 1048576                                   {product} {ergonomic}
   size_t MinHeapSize                              = 8388608                                   {product} {ergonomic}
    uintx NonNMethodCodeHeapSize                   = 5839372                                {pd product} {ergonomic}
    uintx NonProfiledCodeHeapSize                  = 122909434                              {pd product} {ergonomic}
    uintx ProfiledCodeHeapSize                     = 122909434                              {pd product} {ergonomic}
    uintx ReservedCodeCacheSize                    = 251658240                              {pd product} {ergonomic}
     bool SegmentedCodeCache                       = true                                      {product} {ergonomic}
   size_t SoftMaxHeapSize                          = 2116026368                             {manageable} {ergonomic}
     bool UseCompressedClassPointers               = true                                 {lp64_product} {ergonomic}
     bool UseCompressedOops                        = true                                 {lp64_product} {ergonomic}
     bool UseG1GC                                  = true                                      {product} {ergonomic}
     bool UseLargePagesIndividualAllocation        = false                                  {pd product} {ergonomic}

Logging:
Log output configuration:
 #0: stdout all=warning uptime,level,tags
 #1: stderr all=off uptime,level,tags

Environment Variables:
PATH=C:/Program Files/Java/jdk-14.0.2/bin/server;C:/Program Files/Java/jdk-14.0.2/bin;C:\Program Files (x86)\Microsoft Visual Studio\Shared\Python37_64\Scripts\;C:\Program Files (x86)\Microsoft Visual Studio\Shared\Python37_64\;C:\Windows\system32;C:\Windows;C:\Windows\System32\Wbem;C:\Windows\System32\WindowsPowerShell\v1.0\;C:\Windows\System32\OpenSSH\;C:\Program Files (x86)\Microsoft SQL Server\150\Tools\Binn\;C:\Program Files\Microsoft SQL Server\150\Tools\Binn\;C:\Program Files (x86)\Microsoft SQL Server\150\DTS\Binn\;C:\Program Files\Microsoft SQL Server\150\DTS\Binn\;C:\Program Files\Microsoft SQL Server\Client SDK\ODBC\170\Tools\Binn\;C:\Program Files\Azure Data Studio\bin;C:\Program Files\dotnet\;C:\Program Files\Microsoft SQL Server\130\Tools\Binn\;C:\Program Files\Java\jdk-14.0.2\bin;C:\Users\danyal\eclipse\java-2020-06\eclipse;
USERNAME=danyal
OS=Windows_NT
PROCESSOR_IDENTIFIER=Intel64 Family 6 Model 142 Stepping 11, GenuineIntel



---------------  S Y S T E M  ---------------

OS: Windows 10 , 64 bit Build 18362 (10.0.18362.86)
OS uptime: 0 days 3:35 hours

CPU:total 8 (initial active 8) (4 cores per cpu, 2 threads per core) family 6 model 142 stepping 11, cmov, cx8, fxsr, mmx, sse, sse2, sse3, ssse3, sse4.1, sse4.2, popcnt, avx, avx2, aes, clmul, erms, 3dnowpref, lzcnt, ht, tsc, tscinvbit, bmi1, bmi2, adx, fma

Memory: 4k page, system-wide physical 8069M (497M free)
TotalPageFile size 13659M (AvailPageFile size 130M)
current process WorkingSet (physical memory assigned to process): 10M, peak: 10M
current process commit charge ("private bytes"): 60M, peak: 188M

vm_info: Java HotSpot(TM) 64-Bit Server VM (14.0.2+12-46) for windows-amd64 JRE (14.0.2+12-46), built on Jul  9 2020 00:35:52 by "mach5one" with MS VC++ 15.9 (VS2017)

END.
